<?xml version="1.0" encoding="UTF-8"?>
<testng-results ignored="0" total="1" passed="1" failed="0" skipped="0">
  <reporter-output>
  </reporter-output>
  <suite started-at="2026-01-22T16:28:13 IST" name="Default suite" finished-at="2026-01-22T16:28:26 IST" duration-ms="13247">
    <groups>
    </groups>
    <test started-at="2026-01-22T16:28:13 IST" name="Default test" finished-at="2026-01-22T16:28:26 IST" duration-ms="13247">
      <class name="tests.ResumeUploadTest">
        <test-method is-config="true" signature="setUp()[pri:0, instance:tests.ResumeUploadTest@3c46e67a]" started-at="2026-01-22T16:28:13 IST" name="setUp" finished-at="2026-01-22T16:28:17 IST" duration-ms="3915" status="PASS">
          <reporter-output>
          </reporter-output>
        </test-method> <!-- setUp -->
        <test-method signature="uploadResumeTest()[pri:0, instance:tests.ResumeUploadTest@3c46e67a]" started-at="2026-01-22T16:28:17 IST" name="uploadResumeTest" finished-at="2026-01-22T16:28:26 IST" duration-ms="8917" status="PASS">
          <reporter-output>
          </reporter-output>
        </test-method> <!-- uploadResumeTest -->
        <test-method is-config="true" signature="tearDown()[pri:0, instance:tests.ResumeUploadTest@3c46e67a]" started-at="2026-01-22T16:28:26 IST" name="tearDown" finished-at="2026-01-22T16:28:26 IST" duration-ms="358" status="PASS">
          <reporter-output>
          </reporter-output>
        </test-method> <!-- tearDown -->
      </class> <!-- tests.ResumeUploadTest -->
    </test> <!-- Default test -->
  </suite> <!-- Default suite -->
</testng-results>
